Info: CustomCategory:categoria1: 195 mini seconds publishing element
Info: DeliveryProcess:Processo: 855 mini seconds publishing element
Info: DeliveryProcess:Processo: 517 mini seconds publishing process specific layout data
Info: Phase:Testes: 193 mini seconds publishing element
Info: Activity:Definir_Missao_de_Avaliacao: 246 mini seconds publishing element
Info: TaskDescriptor:definir_abordagem_de_teste: 9 mini seconds publishing element
Info: TaskDescriptor:identificar_alvos_do_teste: 5 mini seconds publishing element
Info: TaskDescriptor:identificar_ideias_de_teste: 4 mini seconds publishing element
Info: Activity:Validar_a_Estabilidade_da_Build: 168 mini seconds publishing element
Info: TaskDescriptor:implementar_teste: 7 mini seconds publishing element
Info: TaskDescriptor:executar_conjunto_de_testes: 6 mini seconds publishing element
Info: TaskDescriptor:analisar_falha_de_teste: 6 mini seconds publishing element
Info: Activity:Testar_e_Avaliar: 315 mini seconds publishing element
Info: TaskDescriptor:estruturar_a_implementacao_do_teste: 5 mini seconds publishing element
Info: TaskDescriptor:definir_elementos_de_testabilidade: 5 mini seconds publishing element
Info: TaskDescriptor:determinar_resultados_dos_testes: 5 mini seconds publishing element
Info: Activity:Alcancar_Missao_Aceitavel: 217 mini seconds publishing element
Info: TaskDescriptor:desenvolver_diretrizes_de_teste: 7 mini seconds publishing element
Info: TaskDescriptor:estruturar_a_implementacao_do_teste: 4 mini seconds publishing element
Info: TaskDescriptor:definir_detalhes_do_teste: 4 mini seconds publishing element
Info: RoleDescriptor:analista_de_teste: 3 mini seconds publishing element
Info: RoleDescriptor:designer_de_teste: 2 mini seconds publishing element
Info: RoleDescriptor:gerente_de_teste: 3 mini seconds publishing element
Info: RoleDescriptor:tester: 4 mini seconds publishing element
Info: WorkProductDescriptor:arquitetura_do_teste_de_automacao: 4 mini seconds publishing element
Info: WorkProductDescriptor:caso_de_teste: 2 mini seconds publishing element
Info: WorkProductDescriptor:conjunto_de_testes: 2 mini seconds publishing element
Info: WorkProductDescriptor:diretrizes_de_teste: 3 mini seconds publishing element
Info: WorkProductDescriptor:lista_de_problemas: 2 mini seconds publishing element
Info: WorkProductDescriptor:modelo_de_design: 2 mini seconds publishing element
Info: WorkProductDescriptor:plano_de_teste: 3 mini seconds publishing element
Info: WorkProductDescriptor:resultados_do_testes: 3 mini seconds publishing element
Info: Task:definir_abordagem_de_teste: 33 mini seconds publishing element
Info: Task:identificar_alvos_do_teste: 25 mini seconds publishing element
Info: Task:identificar_ideias_de_teste: 24 mini seconds publishing element
Info: Role:designer_de_teste: 314 mini seconds publishing element
Info: Role:gerente_de_teste: 32 mini seconds publishing element
Info: Role:analista_de_teste: 46 mini seconds publishing element
Info: Artifact:plano_de_teste: 147 mini seconds publishing element
Info: Artifact:arquitetura_do_teste_de_automacao: 24 mini seconds publishing element
Info: Artifact:modelo_de_design: 20 mini seconds publishing element
Info: Artifact:diretrizes_de_teste: 22 mini seconds publishing element
Info: Task:implementar_teste: 32 mini seconds publishing element
Info: Task:executar_conjunto_de_testes: 26 mini seconds publishing element
Info: Task:analisar_falha_de_teste: 27 mini seconds publishing element
Info: Artifact:caso_de_teste: 22 mini seconds publishing element
Info: Artifact:conjunto_de_testes: 24 mini seconds publishing element
Info: Artifact:lista_de_problemas: 22 mini seconds publishing element
Info: Artifact:resultados_do_testes: 27 mini seconds publishing element
Info: RoleDescriptor:analista_de_teste: 4 mini seconds publishing element
Info: RoleDescriptor:designer_de_teste: 3 mini seconds publishing element
Info: WorkProductDescriptor:arquitetura_do_teste_de_automacao: 3 mini seconds publishing element
Info: WorkProductDescriptor:conjunto_de_testes: 3 mini seconds publishing element
Info: WorkProductDescriptor:resultados_do_testes: 3 mini seconds publishing element
Info: Task:estruturar_a_implementacao_do_teste: 26 mini seconds publishing element
Info: Task:definir_elementos_de_testabilidade: 20 mini seconds publishing element
Info: Task:determinar_resultados_dos_testes: 28 mini seconds publishing element
Info: RoleDescriptor:analista_de_teste: 7 mini seconds publishing element
Info: RoleDescriptor:designer_de_teste: 2 mini seconds publishing element
Info: WorkProductDescriptor:arquitetura_do_teste_de_automacao: 2 mini seconds publishing element
Info: WorkProductDescriptor:caso_de_teste: 3 mini seconds publishing element
Info: WorkProductDescriptor:conjunto_de_testes: 3 mini seconds publishing element
Info: WorkProductDescriptor:diretrizes_de_teste: 3 mini seconds publishing element
Info: Task:desenvolver_diretrizes_de_teste: 23 mini seconds publishing element
Info: Task:definir_detalhes_do_teste: 25 mini seconds publishing element
Info: Role:tester: 33 mini seconds publishing element
Info: : Publishing time: 0 minutes 5 seconds
